<?xml version="1.0" encoding="UTF-8"?>
<!-- Generated by org.testng.reporters.JUnitReportReporter -->
<testsuite hostname="DESKTOP-ELVACAN" failures="0" tests="9" name="tests.TestRokomari" time="92.640" errors="0" timestamp="2022-10-28T14:42:49 BDT" skipped="0">
  <testcase classname="tests.TestRokomari" name="rokomariTest" time="30.146"/>
  <system-out/>
  <testcase classname="tests.TestRokomari" name="selectAuthorTest" time="3.275"/>
  <system-out/>
  <testcase classname="tests.TestRokomari" name="selectHimuTest" time="4.953"/>
  <system-out/>
  <testcase classname="tests.TestRokomari" name="FilterCategoriesTest" time="4.485"/>
  <system-out/>
  <testcase classname="tests.TestRokomari" name="scrollDownAndNextPageTest" time="7.411"/>
  <system-out/>
  <testcase classname="tests.TestRokomari" name="AddBookTest" time="3.981"/>
  <system-out/>
  <testcase classname="tests.TestRokomari" name="ClickCartIconTest" time="4.613"/>
  <system-out/>
  <testcase classname="tests.TestRokomari" name="goToShippingPageTest" time="8.370"/>
  <system-out/>
  <testcase classname="tests.TestRokomari" name="shippingInformation" time="25.406"/>
  <system-out/>
</testsuite> <!-- tests.TestRokomari -->
