<?xml version="1.0" encoding="UTF-8"?>
<!-- Generated by org.testng.reporters.JUnitReportReporter -->
<testsuite hostname="DESKTOP-ELVACAN" failures="0" tests="7" name="tests.InsideRokomariTest" time="36.851" errors="0" timestamp="2022-10-28T22:33:54 BDT" skipped="0">
  <testcase classname="tests.InsideRokomariTest" name="selectAuthorTest" time="3.318"/>
  <system-out/>
  <testcase classname="tests.InsideRokomariTest" name="selectHimuTest" time="4.722"/>
  <system-out/>
  <testcase classname="tests.InsideRokomariTest" name="FilterCategoriesTest" time="4.462"/>
  <system-out/>
  <testcase classname="tests.InsideRokomariTest" name="scrollDownAndNextPageTest" time="7.352"/>
  <system-out/>
  <testcase classname="tests.InsideRokomariTest" name="AddBookTest" time="3.969"/>
  <system-out/>
  <testcase classname="tests.InsideRokomariTest" name="ClickCartIconTest" time="4.877"/>
  <system-out/>
  <testcase classname="tests.InsideRokomariTest" name="goToShippingPageTest" time="8.151"/>
  <system-out/>
</testsuite> <!-- tests.InsideRokomariTest -->
