<?xml version="1.0" encoding="UTF-8"?>
<!-- Generated by org.testng.reporters.JUnitReportReporter -->
<testsuite hostname="DESKTOP-ELVACAN" failures="0" tests="1" name="tests.SignInTest" time="29.548" errors="0" timestamp="2022-10-28T22:33:54 BDT" skipped="0">
  <testcase classname="tests.SignInTest" name="rokomariTest" time="29.548"/>
  <system-out/>
</testsuite> <!-- tests.SignInTest -->
